STAR version=STAR_2.5.1b
STAR compilation time,server,dir=Tue Jan 26 13:48:00 CET 2016 milou-b.uppmax.uu.se:/sw/apps/bioinfo/star/2.5.1b/src/source
##### DEFAULT parameters:
versionSTAR                       20201
versionGenome                     20101   20200   
parametersFiles                   -   
sysShell                          -
runMode                           alignReads
runThreadN                        1
runDirPerm                        User_RWX
runRNGseed                        777
genomeDir                         ./GenomeDir/
genomeLoad                        NoSharedMemory
genomeFastaFiles                  -   
genomeSAindexNbases               14
genomeChrBinNbits                 18
genomeSAsparseD                   1
genomeSuffixLengthMax             18446744073709551615
readFilesIn                       Read1   Read2   
readFilesCommand                  -   
readMatesLengthsIn                NotEqual
readMapNumber                     18446744073709551615
readNameSeparator                 /   
inputBAMfile                      -
bamRemoveDuplicatesType           -
bamRemoveDuplicatesMate2basesN    0
limitGenomeGenerateRAM            31000000000
limitIObufferSize                 150000000
limitOutSAMoneReadBytes           100000
limitOutSJcollapsed               1000000
limitOutSJoneRead                 1000
limitBAMsortRAM                   0
limitSjdbInsertNsj                1000000
outFileNamePrefix                 ./
outTmpDir                         -
outStd                            Log
outReadsUnmapped                  None
outQSconversionAdd                0
outMultimapperOrder               Old_2.4
outSAMtype                        SAM   
outSAMmode                        Full
outSAMstrandField                 None
outSAMattributes                  Standard   
outSAMunmapped                    None   
outSAMorder                       Paired
outSAMprimaryFlag                 OneBestScore
outSAMreadID                      Standard
outSAMmapqUnique                  255
outSAMflagOR                      0
outSAMflagAND                     65535
outSAMattrRGline                  -   
outSAMheaderHD                    -   
outSAMheaderPG                    -   
outSAMheaderCommentFile           -
outBAMcompression                 1
outBAMsortingThreadN              0
outSAMfilter                      None   
outSAMmultNmax                    18446744073709551615
outSAMattrIHstart                 1
outSJfilterReads                  All
outSJfilterCountUniqueMin         3   1   1   1   
outSJfilterCountTotalMin          3   1   1   1   
outSJfilterOverhangMin            30   12   12   12   
outSJfilterDistToOtherSJmin       10   0   5   10   
outSJfilterIntronMaxVsReadN       50000   100000   200000   
outWigType                        None   
outWigStrand                      Stranded   
outWigReferencesPrefix            -
outWigNorm                        RPM   
outFilterType                     Normal
outFilterMultimapNmax             10
outFilterMultimapScoreRange       1
outFilterScoreMin                 0
outFilterScoreMinOverLread        0.66
outFilterMatchNmin                0
outFilterMatchNminOverLread       0.66
outFilterMismatchNmax             10
outFilterMismatchNoverLmax        0.3
outFilterMismatchNoverReadLmax    1
outFilterIntronMotifs             None
clip5pNbases                      0   
clip3pNbases                      0   
clip3pAfterAdapterNbases          0   
clip3pAdapterSeq                  -   
clip3pAdapterMMp                  0.1   
winBinNbits                       16
winAnchorDistNbins                9
winFlankNbins                     4
winAnchorMultimapNmax             50
scoreGap                          0
scoreGapNoncan                    -8
scoreGapGCAG                      -4
scoreGapATAC                      -8
scoreStitchSJshift                1
scoreGenomicLengthLog2scale       -0.25
scoreDelBase                      -2
scoreDelOpen                      -2
scoreInsOpen                      -2
scoreInsBase                      -2
seedSearchLmax                    0
seedSearchStartLmax               50
seedSearchStartLmaxOverLread      1
seedPerReadNmax                   1000
seedPerWindowNmax                 50
seedNoneLociPerWindow             10
seedMultimapNmax                  10000
alignIntronMin                    21
alignIntronMax                    0
alignMatesGapMax                  0
alignTranscriptsPerReadNmax       10000
alignSJoverhangMin                5
alignSJDBoverhangMin              3
alignSJstitchMismatchNmax         0   -1   0   0   
alignSplicedMateMapLmin           0
alignSplicedMateMapLminOverLmate    0.66
alignWindowsPerReadNmax           10000
alignTranscriptsPerWindowNmax     100
alignEndsType                     Local
alignSoftClipAtReferenceEnds      Yes
chimSegmentMin                    0
chimScoreMin                      0
chimScoreDropMax                  20
chimScoreSeparation               10
chimScoreJunctionNonGTAG          -1
chimJunctionOverhangMin           20
chimOutType                       SeparateSAMold
chimFilter                        banGenomicN   
chimSegmentReadGapMax             0
sjdbFileChrStartEnd               -   
sjdbGTFfile                       -
sjdbGTFchrPrefix                  -
sjdbGTFfeatureExon                exon
sjdbGTFtagExonParentTranscript    transcript_id
sjdbGTFtagExonParentGene          gene_id
sjdbOverhang                      100
sjdbScore                         2
sjdbInsertSave                    Basic
quantMode                         -   
quantTranscriptomeBAMcompression    1
quantTranscriptomeBan             IndelSoftclipSingleend
twopass1readsN                    18446744073709551615
twopassMode                       None
##### Command Line:
STAR --runMode genomeGenerate --genomeDir /proj/g2015056/BB2490/proj5_ASE/BB2490-RNASeq-Project/data/star_index/20160226-starindex --genomeFastaFiles /proj/g2015056/nobackup/Homo_sapiens.GRCh38.dna.primary_assembly.fa --sjdbGTFfile /proj/g2015056/nobackup/Homo_sapiens.GRCh38.83.gtf --runThreadN 8
##### Initial USER parameters from Command Line:
###### All USER parameters from Command Line:
runMode                       genomeGenerate     ~RE-DEFINED
genomeDir                     /proj/g2015056/BB2490/proj5_ASE/BB2490-RNASeq-Project/data/star_index/20160226-starindex     ~RE-DEFINED
genomeFastaFiles              /proj/g2015056/nobackup/Homo_sapiens.GRCh38.dna.primary_assembly.fa        ~RE-DEFINED
sjdbGTFfile                   /proj/g2015056/nobackup/Homo_sapiens.GRCh38.83.gtf     ~RE-DEFINED
runThreadN                    8     ~RE-DEFINED
##### Finished reading parameters from all sources

##### Final user re-defined parameters-----------------:
runMode                           genomeGenerate
runThreadN                        8
genomeDir                         /proj/g2015056/BB2490/proj5_ASE/BB2490-RNASeq-Project/data/star_index/20160226-starindex
genomeFastaFiles                  /proj/g2015056/nobackup/Homo_sapiens.GRCh38.dna.primary_assembly.fa   
sjdbGTFfile                       /proj/g2015056/nobackup/Homo_sapiens.GRCh38.83.gtf

-------------------------------
##### Final effective command line:
STAR   --runMode genomeGenerate   --runThreadN 8   --genomeDir /proj/g2015056/BB2490/proj5_ASE/BB2490-RNASeq-Project/data/star_index/20160226-starindex   --genomeFastaFiles /proj/g2015056/nobackup/Homo_sapiens.GRCh38.dna.primary_assembly.fa      --sjdbGTFfile /proj/g2015056/nobackup/Homo_sapiens.GRCh38.83.gtf

##### Final parameters after user input--------------------------------:
versionSTAR                       20201
versionGenome                     20101   20200   
parametersFiles                   -   
sysShell                          -
runMode                           genomeGenerate
runThreadN                        8
runDirPerm                        User_RWX
runRNGseed                        777
genomeDir                         /proj/g2015056/BB2490/proj5_ASE/BB2490-RNASeq-Project/data/star_index/20160226-starindex
genomeLoad                        NoSharedMemory
genomeFastaFiles                  /proj/g2015056/nobackup/Homo_sapiens.GRCh38.dna.primary_assembly.fa   
genomeSAindexNbases               14
genomeChrBinNbits                 18
genomeSAsparseD                   1
genomeSuffixLengthMax             18446744073709551615
readFilesIn                       Read1   Read2   
readFilesCommand                  -   
readMatesLengthsIn                NotEqual
readMapNumber                     18446744073709551615
readNameSeparator                 /   
inputBAMfile                      -
bamRemoveDuplicatesType           -
bamRemoveDuplicatesMate2basesN    0
limitGenomeGenerateRAM            31000000000
limitIObufferSize                 150000000
limitOutSAMoneReadBytes           100000
limitOutSJcollapsed               1000000
limitOutSJoneRead                 1000
limitBAMsortRAM                   0
limitSjdbInsertNsj                1000000
outFileNamePrefix                 ./
outTmpDir                         -
outStd                            Log
outReadsUnmapped                  None
outQSconversionAdd                0
outMultimapperOrder               Old_2.4
outSAMtype                        SAM   
outSAMmode                        Full
outSAMstrandField                 None
outSAMattributes                  Standard   
outSAMunmapped                    None   
outSAMorder                       Paired
outSAMprimaryFlag                 OneBestScore
outSAMreadID                      Standard
outSAMmapqUnique                  255
outSAMflagOR                      0
outSAMflagAND                     65535
outSAMattrRGline                  -   
outSAMheaderHD                    -   
outSAMheaderPG                    -   
outSAMheaderCommentFile           -
outBAMcompression                 1
outBAMsortingThreadN              0
outSAMfilter                      None   
outSAMmultNmax                    18446744073709551615
outSAMattrIHstart                 1
outSJfilterReads                  All
outSJfilterCountUniqueMin         3   1   1   1   
outSJfilterCountTotalMin          3   1   1   1   
outSJfilterOverhangMin            30   12   12   12   
outSJfilterDistToOtherSJmin       10   0   5   10   
outSJfilterIntronMaxVsReadN       50000   100000   200000   
outWigType                        None   
outWigStrand                      Stranded   
outWigReferencesPrefix            -
outWigNorm                        RPM   
outFilterType                     Normal
outFilterMultimapNmax             10
outFilterMultimapScoreRange       1
outFilterScoreMin                 0
outFilterScoreMinOverLread        0.66
outFilterMatchNmin                0
outFilterMatchNminOverLread       0.66
outFilterMismatchNmax             10
outFilterMismatchNoverLmax        0.3
outFilterMismatchNoverReadLmax    1
outFilterIntronMotifs             None
clip5pNbases                      0   
clip3pNbases                      0   
clip3pAfterAdapterNbases          0   
clip3pAdapterSeq                  -   
clip3pAdapterMMp                  0.1   
winBinNbits                       16
winAnchorDistNbins                9
winFlankNbins                     4
winAnchorMultimapNmax             50
scoreGap                          0
scoreGapNoncan                    -8
scoreGapGCAG                      -4
scoreGapATAC                      -8
scoreStitchSJshift                1
scoreGenomicLengthLog2scale       -0.25
scoreDelBase                      -2
scoreDelOpen                      -2
scoreInsOpen                      -2
scoreInsBase                      -2
seedSearchLmax                    0
seedSearchStartLmax               50
seedSearchStartLmaxOverLread      1
seedPerReadNmax                   1000
seedPerWindowNmax                 50
seedNoneLociPerWindow             10
seedMultimapNmax                  10000
alignIntronMin                    21
alignIntronMax                    0
alignMatesGapMax                  0
alignTranscriptsPerReadNmax       10000
alignSJoverhangMin                5
alignSJDBoverhangMin              3
alignSJstitchMismatchNmax         0   -1   0   0   
alignSplicedMateMapLmin           0
alignSplicedMateMapLminOverLmate    0.66
alignWindowsPerReadNmax           10000
alignTranscriptsPerWindowNmax     100
alignEndsType                     Local
alignSoftClipAtReferenceEnds      Yes
chimSegmentMin                    0
chimScoreMin                      0
chimScoreDropMax                  20
chimScoreSeparation               10
chimScoreJunctionNonGTAG          -1
chimJunctionOverhangMin           20
chimOutType                       SeparateSAMold
chimFilter                        banGenomicN   
chimSegmentReadGapMax             0
sjdbFileChrStartEnd               -   
sjdbGTFfile                       /proj/g2015056/nobackup/Homo_sapiens.GRCh38.83.gtf
sjdbGTFchrPrefix                  -
sjdbGTFfeatureExon                exon
sjdbGTFtagExonParentTranscript    transcript_id
sjdbGTFtagExonParentGene          gene_id
sjdbOverhang                      100
sjdbScore                         2
sjdbInsertSave                    Basic
quantMode                         -   
quantTranscriptomeBAMcompression    1
quantTranscriptomeBan             IndelSoftclipSingleend
twopass1readsN                    18446744073709551615
twopassMode                       None
----------------------------------------

Finished loading and checking parameters
Feb 28 20:09:37 ... Starting to generate Genome files
/proj/g2015056/nobackup/Homo_sapiens.GRCh38.dna.primary_assembly.fa : chr # 0  "1" chrStart: 0
/proj/g2015056/nobackup/Homo_sapiens.GRCh38.dna.primary_assembly.fa : chr # 1  "10" chrStart: 249036800
/proj/g2015056/nobackup/Homo_sapiens.GRCh38.dna.primary_assembly.fa : chr # 2  "11" chrStart: 382992384
/proj/g2015056/nobackup/Homo_sapiens.GRCh38.dna.primary_assembly.fa : chr # 3  "12" chrStart: 518258688
/proj/g2015056/nobackup/Homo_sapiens.GRCh38.dna.primary_assembly.fa : chr # 4  "13" chrStart: 651689984
/proj/g2015056/nobackup/Homo_sapiens.GRCh38.dna.primary_assembly.fa : chr # 5  "14" chrStart: 766246912
/proj/g2015056/nobackup/Homo_sapiens.GRCh38.dna.primary_assembly.fa : chr # 6  "15" chrStart: 873463808
/proj/g2015056/nobackup/Homo_sapiens.GRCh38.dna.primary_assembly.fa : chr # 7  "16" chrStart: 975699968
/proj/g2015056/nobackup/Homo_sapiens.GRCh38.dna.primary_assembly.fa : chr # 8  "17" chrStart: 1066139648
/proj/g2015056/nobackup/Homo_sapiens.GRCh38.dna.primary_assembly.fa : chr # 9  "18" chrStart: 1149501440
/proj/g2015056/nobackup/Homo_sapiens.GRCh38.dna.primary_assembly.fa : chr # 10  "19" chrStart: 1229979648
/proj/g2015056/nobackup/Homo_sapiens.GRCh38.dna.primary_assembly.fa : chr # 11  "2" chrStart: 1288699904
/proj/g2015056/nobackup/Homo_sapiens.GRCh38.dna.primary_assembly.fa : chr # 12  "20" chrStart: 1530920960
/proj/g2015056/nobackup/Homo_sapiens.GRCh38.dna.primary_assembly.fa : chr # 13  "21" chrStart: 1595408384
/proj/g2015056/nobackup/Homo_sapiens.GRCh38.dna.primary_assembly.fa : chr # 14  "22" chrStart: 1642332160
/proj/g2015056/nobackup/Homo_sapiens.GRCh38.dna.primary_assembly.fa : chr # 15  "3" chrStart: 1693188096
/proj/g2015056/nobackup/Homo_sapiens.GRCh38.dna.primary_assembly.fa : chr # 16  "4" chrStart: 1891631104
/proj/g2015056/nobackup/Homo_sapiens.GRCh38.dna.primary_assembly.fa : chr # 17  "5" chrStart: 2081947648
/proj/g2015056/nobackup/Homo_sapiens.GRCh38.dna.primary_assembly.fa : chr # 18  "6" chrStart: 2263613440
/proj/g2015056/nobackup/Homo_sapiens.GRCh38.dna.primary_assembly.fa : chr # 19  "7" chrStart: 2434531328
/proj/g2015056/nobackup/Homo_sapiens.GRCh38.dna.primary_assembly.fa : chr # 20  "8" chrStart: 2593914880
/proj/g2015056/nobackup/Homo_sapiens.GRCh38.dna.primary_assembly.fa : chr # 21  "9" chrStart: 2739142656
/proj/g2015056/nobackup/Homo_sapiens.GRCh38.dna.primary_assembly.fa : chr # 22  "MT" chrStart: 2877554688
/proj/g2015056/nobackup/Homo_sapiens.GRCh38.dna.primary_assembly.fa : chr # 23  "X" chrStart: 2877816832
/proj/g2015056/nobackup/Homo_sapiens.GRCh38.dna.primary_assembly.fa : chr # 24  "Y" chrStart: 3034054656
/proj/g2015056/nobackup/Homo_sapiens.GRCh38.dna.primary_assembly.fa : chr # 25  "KI270728.1" chrStart: 3091464192
/proj/g2015056/nobackup/Homo_sapiens.GRCh38.dna.primary_assembly.fa : chr # 26  "KI270727.1" chrStart: 3093561344
/proj/g2015056/nobackup/Homo_sapiens.GRCh38.dna.primary_assembly.fa : chr # 27  "KI270442.1" chrStart: 3094085632
/proj/g2015056/nobackup/Homo_sapiens.GRCh38.dna.primary_assembly.fa : chr # 28  "KI270729.1" chrStart: 3094609920
/proj/g2015056/nobackup/Homo_sapiens.GRCh38.dna.primary_assembly.fa : chr # 29  "GL000225.1" chrStart: 3095134208
/proj/g2015056/nobackup/Homo_sapiens.GRCh38.dna.primary_assembly.fa : chr # 30  "KI270743.1" chrStart: 3095396352
/proj/g2015056/nobackup/Homo_sapiens.GRCh38.dna.primary_assembly.fa : chr # 31  "GL000008.2" chrStart: 3095658496
/proj/g2015056/nobackup/Homo_sapiens.GRCh38.dna.primary_assembly.fa : chr # 32  "GL000009.2" chrStart: 3095920640
/proj/g2015056/nobackup/Homo_sapiens.GRCh38.dna.primary_assembly.fa : chr # 33  "KI270747.1" chrStart: 3096182784
/proj/g2015056/nobackup/Homo_sapiens.GRCh38.dna.primary_assembly.fa : chr # 34  "KI270722.1" chrStart: 3096444928
/proj/g2015056/nobackup/Homo_sapiens.GRCh38.dna.primary_assembly.fa : chr # 35  "GL000194.1" chrStart: 3096707072
/proj/g2015056/nobackup/Homo_sapiens.GRCh38.dna.primary_assembly.fa : chr # 36  "KI270742.1" chrStart: 3096969216
/proj/g2015056/nobackup/Homo_sapiens.GRCh38.dna.primary_assembly.fa : chr # 37  "GL000205.2" chrStart: 3097231360
/proj/g2015056/nobackup/Homo_sapiens.GRCh38.dna.primary_assembly.fa : chr # 38  "GL000195.1" chrStart: 3097493504
/proj/g2015056/nobackup/Homo_sapiens.GRCh38.dna.primary_assembly.fa : chr # 39  "KI270736.1" chrStart: 3097755648
/proj/g2015056/nobackup/Homo_sapiens.GRCh38.dna.primary_assembly.fa : chr # 40  "KI270733.1" chrStart: 3098017792
/proj/g2015056/nobackup/Homo_sapiens.GRCh38.dna.primary_assembly.fa : chr # 41  "GL000224.1" chrStart: 3098279936
/proj/g2015056/nobackup/Homo_sapiens.GRCh38.dna.primary_assembly.fa : chr # 42  "GL000219.1" chrStart: 3098542080
/proj/g2015056/nobackup/Homo_sapiens.GRCh38.dna.primary_assembly.fa : chr # 43  "KI270719.1" chrStart: 3098804224
/proj/g2015056/nobackup/Homo_sapiens.GRCh38.dna.primary_assembly.fa : chr # 44  "GL000216.2" chrStart: 3099066368
/proj/g2015056/nobackup/Homo_sapiens.GRCh38.dna.primary_assembly.fa : chr # 45  "KI270712.1" chrStart: 3099328512
/proj/g2015056/nobackup/Homo_sapiens.GRCh38.dna.primary_assembly.fa : chr # 46  "KI270706.1" chrStart: 3099590656
/proj/g2015056/nobackup/Homo_sapiens.GRCh38.dna.primary_assembly.fa : chr # 47  "KI270725.1" chrStart: 3099852800
/proj/g2015056/nobackup/Homo_sapiens.GRCh38.dna.primary_assembly.fa : chr # 48  "KI270744.1" chrStart: 3100114944
/proj/g2015056/nobackup/Homo_sapiens.GRCh38.dna.primary_assembly.fa : chr # 49  "KI270734.1" chrStart: 3100377088
/proj/g2015056/nobackup/Homo_sapiens.GRCh38.dna.primary_assembly.fa : chr # 50  "GL000213.1" chrStart: 3100639232
/proj/g2015056/nobackup/Homo_sapiens.GRCh38.dna.primary_assembly.fa : chr # 51  "GL000220.1" chrStart: 3100901376
/proj/g2015056/nobackup/Homo_sapiens.GRCh38.dna.primary_assembly.fa : chr # 52  "KI270715.1" chrStart: 3101163520
/proj/g2015056/nobackup/Homo_sapiens.GRCh38.dna.primary_assembly.fa : chr # 53  "GL000218.1" chrStart: 3101425664
/proj/g2015056/nobackup/Homo_sapiens.GRCh38.dna.primary_assembly.fa : chr # 54  "KI270749.1" chrStart: 3101687808
/proj/g2015056/nobackup/Homo_sapiens.GRCh38.dna.primary_assembly.fa : chr # 55  "KI270741.1" chrStart: 3101949952
/proj/g2015056/nobackup/Homo_sapiens.GRCh38.dna.primary_assembly.fa : chr # 56  "GL000221.1" chrStart: 3102212096
/proj/g2015056/nobackup/Homo_sapiens.GRCh38.dna.primary_assembly.fa : chr # 57  "KI270716.1" chrStart: 3102474240
/proj/g2015056/nobackup/Homo_sapiens.GRCh38.dna.primary_assembly.fa : chr # 58  "KI270731.1" chrStart: 3102736384
/proj/g2015056/nobackup/Homo_sapiens.GRCh38.dna.primary_assembly.fa : chr # 59  "KI270751.1" chrStart: 3102998528
/proj/g2015056/nobackup/Homo_sapiens.GRCh38.dna.primary_assembly.fa : chr # 60  "KI270750.1" chrStart: 3103260672
/proj/g2015056/nobackup/Homo_sapiens.GRCh38.dna.primary_assembly.fa : chr # 61  "KI270519.1" chrStart: 3103522816
/proj/g2015056/nobackup/Homo_sapiens.GRCh38.dna.primary_assembly.fa : chr # 62  "GL000214.1" chrStart: 3103784960
/proj/g2015056/nobackup/Homo_sapiens.GRCh38.dna.primary_assembly.fa : chr # 63  "KI270708.1" chrStart: 3104047104
/proj/g2015056/nobackup/Homo_sapiens.GRCh38.dna.primary_assembly.fa : chr # 64  "KI270730.1" chrStart: 3104309248
/proj/g2015056/nobackup/Homo_sapiens.GRCh38.dna.primary_assembly.fa : chr # 65  "KI270438.1" chrStart: 3104571392
/proj/g2015056/nobackup/Homo_sapiens.GRCh38.dna.primary_assembly.fa : chr # 66  "KI270737.1" chrStart: 3104833536
/proj/g2015056/nobackup/Homo_sapiens.GRCh38.dna.primary_assembly.fa : chr # 67  "KI270721.1" chrStart: 3105095680
/proj/g2015056/nobackup/Homo_sapiens.GRCh38.dna.primary_assembly.fa : chr # 68  "KI270738.1" chrStart: 3105357824
/proj/g2015056/nobackup/Homo_sapiens.GRCh38.dna.primary_assembly.fa : chr # 69  "KI270748.1" chrStart: 3105619968
/proj/g2015056/nobackup/Homo_sapiens.GRCh38.dna.primary_assembly.fa : chr # 70  "KI270435.1" chrStart: 3105882112
/proj/g2015056/nobackup/Homo_sapiens.GRCh38.dna.primary_assembly.fa : chr # 71  "GL000208.1" chrStart: 3106144256
/proj/g2015056/nobackup/Homo_sapiens.GRCh38.dna.primary_assembly.fa : chr # 72  "KI270538.1" chrStart: 3106406400
/proj/g2015056/nobackup/Homo_sapiens.GRCh38.dna.primary_assembly.fa : chr # 73  "KI270756.1" chrStart: 3106668544
/proj/g2015056/nobackup/Homo_sapiens.GRCh38.dna.primary_assembly.fa : chr # 74  "KI270739.1" chrStart: 3106930688
/proj/g2015056/nobackup/Homo_sapiens.GRCh38.dna.primary_assembly.fa : chr # 75  "KI270757.1" chrStart: 3107192832
/proj/g2015056/nobackup/Homo_sapiens.GRCh38.dna.primary_assembly.fa : chr # 76  "KI270709.1" chrStart: 3107454976
/proj/g2015056/nobackup/Homo_sapiens.GRCh38.dna.primary_assembly.fa : chr # 77  "KI270746.1" chrStart: 3107717120
/proj/g2015056/nobackup/Homo_sapiens.GRCh38.dna.primary_assembly.fa : chr # 78  "KI270753.1" chrStart: 3107979264
/proj/g2015056/nobackup/Homo_sapiens.GRCh38.dna.primary_assembly.fa : chr # 79  "KI270589.1" chrStart: 3108241408
/proj/g2015056/nobackup/Homo_sapiens.GRCh38.dna.primary_assembly.fa : chr # 80  "KI270726.1" chrStart: 3108503552
/proj/g2015056/nobackup/Homo_sapiens.GRCh38.dna.primary_assembly.fa : chr # 81  "KI270735.1" chrStart: 3108765696
/proj/g2015056/nobackup/Homo_sapiens.GRCh38.dna.primary_assembly.fa : chr # 82  "KI270711.1" chrStart: 3109027840
/proj/g2015056/nobackup/Homo_sapiens.GRCh38.dna.primary_assembly.fa : chr # 83  "KI270745.1" chrStart: 3109289984
/proj/g2015056/nobackup/Homo_sapiens.GRCh38.dna.primary_assembly.fa : chr # 84  "KI270714.1" chrStart: 3109552128
/proj/g2015056/nobackup/Homo_sapiens.GRCh38.dna.primary_assembly.fa : chr # 85  "KI270732.1" chrStart: 3109814272
/proj/g2015056/nobackup/Homo_sapiens.GRCh38.dna.primary_assembly.fa : chr # 86  "KI270713.1" chrStart: 3110076416
/proj/g2015056/nobackup/Homo_sapiens.GRCh38.dna.primary_assembly.fa : chr # 87  "KI270754.1" chrStart: 3110338560
/proj/g2015056/nobackup/Homo_sapiens.GRCh38.dna.primary_assembly.fa : chr # 88  "KI270710.1" chrStart: 3110600704
/proj/g2015056/nobackup/Homo_sapiens.GRCh38.dna.primary_assembly.fa : chr # 89  "KI270717.1" chrStart: 3110862848
/proj/g2015056/nobackup/Homo_sapiens.GRCh38.dna.primary_assembly.fa : chr # 90  "KI270724.1" chrStart: 3111124992
/proj/g2015056/nobackup/Homo_sapiens.GRCh38.dna.primary_assembly.fa : chr # 91  "KI270720.1" chrStart: 3111387136
/proj/g2015056/nobackup/Homo_sapiens.GRCh38.dna.primary_assembly.fa : chr # 92  "KI270723.1" chrStart: 3111649280
/proj/g2015056/nobackup/Homo_sapiens.GRCh38.dna.primary_assembly.fa : chr # 93  "KI270718.1" chrStart: 3111911424
/proj/g2015056/nobackup/Homo_sapiens.GRCh38.dna.primary_assembly.fa : chr # 94  "KI270317.1" chrStart: 3112173568
/proj/g2015056/nobackup/Homo_sapiens.GRCh38.dna.primary_assembly.fa : chr # 95  "KI270740.1" chrStart: 3112435712
/proj/g2015056/nobackup/Homo_sapiens.GRCh38.dna.primary_assembly.fa : chr # 96  "KI270755.1" chrStart: 3112697856
/proj/g2015056/nobackup/Homo_sapiens.GRCh38.dna.primary_assembly.fa : chr # 97  "KI270707.1" chrStart: 3112960000
/proj/g2015056/nobackup/Homo_sapiens.GRCh38.dna.primary_assembly.fa : chr # 98  "KI270579.1" chrStart: 3113222144
/proj/g2015056/nobackup/Homo_sapiens.GRCh38.dna.primary_assembly.fa : chr # 99  "KI270752.1" chrStart: 3113484288
/proj/g2015056/nobackup/Homo_sapiens.GRCh38.dna.primary_assembly.fa : chr # 100  "KI270512.1" chrStart: 3113746432
/proj/g2015056/nobackup/Homo_sapiens.GRCh38.dna.primary_assembly.fa : chr # 101  "KI270322.1" chrStart: 3114008576
/proj/g2015056/nobackup/Homo_sapiens.GRCh38.dna.primary_assembly.fa : chr # 102  "GL000226.1" chrStart: 3114270720
/proj/g2015056/nobackup/Homo_sapiens.GRCh38.dna.primary_assembly.fa : chr # 103  "KI270311.1" chrStart: 3114532864
/proj/g2015056/nobackup/Homo_sapiens.GRCh38.dna.primary_assembly.fa : chr # 104  "KI270366.1" chrStart: 3114795008
/proj/g2015056/nobackup/Homo_sapiens.GRCh38.dna.primary_assembly.fa : chr # 105  "KI270511.1" chrStart: 3115057152
/proj/g2015056/nobackup/Homo_sapiens.GRCh38.dna.primary_assembly.fa : chr # 106  "KI270448.1" chrStart: 3115319296
/proj/g2015056/nobackup/Homo_sapiens.GRCh38.dna.primary_assembly.fa : chr # 107  "KI270521.1" chrStart: 3115581440
/proj/g2015056/nobackup/Homo_sapiens.GRCh38.dna.primary_assembly.fa : chr # 108  "KI270581.1" chrStart: 3115843584
/proj/g2015056/nobackup/Homo_sapiens.GRCh38.dna.primary_assembly.fa : chr # 109  "KI270582.1" chrStart: 3116105728
/proj/g2015056/nobackup/Homo_sapiens.GRCh38.dna.primary_assembly.fa : chr # 110  "KI270515.1" chrStart: 3116367872
/proj/g2015056/nobackup/Homo_sapiens.GRCh38.dna.primary_assembly.fa : chr # 111  "KI270588.1" chrStart: 3116630016
/proj/g2015056/nobackup/Homo_sapiens.GRCh38.dna.primary_assembly.fa : chr # 112  "KI270591.1" chrStart: 3116892160
/proj/g2015056/nobackup/Homo_sapiens.GRCh38.dna.primary_assembly.fa : chr # 113  "KI270522.1" chrStart: 3117154304
/proj/g2015056/nobackup/Homo_sapiens.GRCh38.dna.primary_assembly.fa : chr # 114  "KI270507.1" chrStart: 3117416448
/proj/g2015056/nobackup/Homo_sapiens.GRCh38.dna.primary_assembly.fa : chr # 115  "KI270590.1" chrStart: 3117678592
/proj/g2015056/nobackup/Homo_sapiens.GRCh38.dna.primary_assembly.fa : chr # 116  "KI270584.1" chrStart: 3117940736
/proj/g2015056/nobackup/Homo_sapiens.GRCh38.dna.primary_assembly.fa : chr # 117  "KI270320.1" chrStart: 3118202880
/proj/g2015056/nobackup/Homo_sapiens.GRCh38.dna.primary_assembly.fa : chr # 118  "KI270382.1" chrStart: 3118465024
/proj/g2015056/nobackup/Homo_sapiens.GRCh38.dna.primary_assembly.fa : chr # 119  "KI270468.1" chrStart: 3118727168
/proj/g2015056/nobackup/Homo_sapiens.GRCh38.dna.primary_assembly.fa : chr # 120  "KI270467.1" chrStart: 3118989312
/proj/g2015056/nobackup/Homo_sapiens.GRCh38.dna.primary_assembly.fa : chr # 121  "KI270362.1" chrStart: 3119251456
/proj/g2015056/nobackup/Homo_sapiens.GRCh38.dna.primary_assembly.fa : chr # 122  "KI270517.1" chrStart: 3119513600
/proj/g2015056/nobackup/Homo_sapiens.GRCh38.dna.primary_assembly.fa : chr # 123  "KI270593.1" chrStart: 3119775744
/proj/g2015056/nobackup/Homo_sapiens.GRCh38.dna.primary_assembly.fa : chr # 124  "KI270528.1" chrStart: 3120037888
/proj/g2015056/nobackup/Homo_sapiens.GRCh38.dna.primary_assembly.fa : chr # 125  "KI270587.1" chrStart: 3120300032
/proj/g2015056/nobackup/Homo_sapiens.GRCh38.dna.primary_assembly.fa : chr # 126  "KI270364.1" chrStart: 3120562176
/proj/g2015056/nobackup/Homo_sapiens.GRCh38.dna.primary_assembly.fa : chr # 127  "KI270371.1" chrStart: 3120824320
/proj/g2015056/nobackup/Homo_sapiens.GRCh38.dna.primary_assembly.fa : chr # 128  "KI270333.1" chrStart: 3121086464
/proj/g2015056/nobackup/Homo_sapiens.GRCh38.dna.primary_assembly.fa : chr # 129  "KI270374.1" chrStart: 3121348608
/proj/g2015056/nobackup/Homo_sapiens.GRCh38.dna.primary_assembly.fa : chr # 130  "KI270411.1" chrStart: 3121610752
/proj/g2015056/nobackup/Homo_sapiens.GRCh38.dna.primary_assembly.fa : chr # 131  "KI270414.1" chrStart: 3121872896
/proj/g2015056/nobackup/Homo_sapiens.GRCh38.dna.primary_assembly.fa : chr # 132  "KI270510.1" chrStart: 3122135040
/proj/g2015056/nobackup/Homo_sapiens.GRCh38.dna.primary_assembly.fa : chr # 133  "KI270390.1" chrStart: 3122397184
/proj/g2015056/nobackup/Homo_sapiens.GRCh38.dna.primary_assembly.fa : chr # 134  "KI270375.1" chrStart: 3122659328
/proj/g2015056/nobackup/Homo_sapiens.GRCh38.dna.primary_assembly.fa : chr # 135  "KI270420.1" chrStart: 3122921472
/proj/g2015056/nobackup/Homo_sapiens.GRCh38.dna.primary_assembly.fa : chr # 136  "KI270509.1" chrStart: 3123183616
/proj/g2015056/nobackup/Homo_sapiens.GRCh38.dna.primary_assembly.fa : chr # 137  "KI270315.1" chrStart: 3123445760
/proj/g2015056/nobackup/Homo_sapiens.GRCh38.dna.primary_assembly.fa : chr # 138  "KI270302.1" chrStart: 3123707904
/proj/g2015056/nobackup/Homo_sapiens.GRCh38.dna.primary_assembly.fa : chr # 139  "KI270518.1" chrStart: 3123970048
/proj/g2015056/nobackup/Homo_sapiens.GRCh38.dna.primary_assembly.fa : chr # 140  "KI270530.1" chrStart: 3124232192
/proj/g2015056/nobackup/Homo_sapiens.GRCh38.dna.primary_assembly.fa : chr # 141  "KI270304.1" chrStart: 3124494336
/proj/g2015056/nobackup/Homo_sapiens.GRCh38.dna.primary_assembly.fa : chr # 142  "KI270418.1" chrStart: 3124756480
/proj/g2015056/nobackup/Homo_sapiens.GRCh38.dna.primary_assembly.fa : chr # 143  "KI270424.1" chrStart: 3125018624
/proj/g2015056/nobackup/Homo_sapiens.GRCh38.dna.primary_assembly.fa : chr # 144  "KI270417.1" chrStart: 3125280768
/proj/g2015056/nobackup/Homo_sapiens.GRCh38.dna.primary_assembly.fa : chr # 145  "KI270508.1" chrStart: 3125542912
/proj/g2015056/nobackup/Homo_sapiens.GRCh38.dna.primary_assembly.fa : chr # 146  "KI270303.1" chrStart: 3125805056
/proj/g2015056/nobackup/Homo_sapiens.GRCh38.dna.primary_assembly.fa : chr # 147  "KI270381.1" chrStart: 3126067200
/proj/g2015056/nobackup/Homo_sapiens.GRCh38.dna.primary_assembly.fa : chr # 148  "KI270529.1" chrStart: 3126329344
/proj/g2015056/nobackup/Homo_sapiens.GRCh38.dna.primary_assembly.fa : chr # 149  "KI270425.1" chrStart: 3126591488
/proj/g2015056/nobackup/Homo_sapiens.GRCh38.dna.primary_assembly.fa : chr # 150  "KI270396.1" chrStart: 3126853632
/proj/g2015056/nobackup/Homo_sapiens.GRCh38.dna.primary_assembly.fa : chr # 151  "KI270363.1" chrStart: 3127115776
/proj/g2015056/nobackup/Homo_sapiens.GRCh38.dna.primary_assembly.fa : chr # 152  "KI270386.1" chrStart: 3127377920
/proj/g2015056/nobackup/Homo_sapiens.GRCh38.dna.primary_assembly.fa : chr # 153  "KI270465.1" chrStart: 3127640064
/proj/g2015056/nobackup/Homo_sapiens.GRCh38.dna.primary_assembly.fa : chr # 154  "KI270383.1" chrStart: 3127902208
/proj/g2015056/nobackup/Homo_sapiens.GRCh38.dna.primary_assembly.fa : chr # 155  "KI270384.1" chrStart: 3128164352
/proj/g2015056/nobackup/Homo_sapiens.GRCh38.dna.primary_assembly.fa : chr # 156  "KI270330.1" chrStart: 3128426496
/proj/g2015056/nobackup/Homo_sapiens.GRCh38.dna.primary_assembly.fa : chr # 157  "KI270372.1" chrStart: 3128688640
/proj/g2015056/nobackup/Homo_sapiens.GRCh38.dna.primary_assembly.fa : chr # 158  "KI270548.1" chrStart: 3128950784
/proj/g2015056/nobackup/Homo_sapiens.GRCh38.dna.primary_assembly.fa : chr # 159  "KI270580.1" chrStart: 3129212928
/proj/g2015056/nobackup/Homo_sapiens.GRCh38.dna.primary_assembly.fa : chr # 160  "KI270387.1" chrStart: 3129475072
/proj/g2015056/nobackup/Homo_sapiens.GRCh38.dna.primary_assembly.fa : chr # 161  "KI270391.1" chrStart: 3129737216
/proj/g2015056/nobackup/Homo_sapiens.GRCh38.dna.primary_assembly.fa : chr # 162  "KI270305.1" chrStart: 3129999360
/proj/g2015056/nobackup/Homo_sapiens.GRCh38.dna.primary_assembly.fa : chr # 163  "KI270373.1" chrStart: 3130261504
/proj/g2015056/nobackup/Homo_sapiens.GRCh38.dna.primary_assembly.fa : chr # 164  "KI270422.1" chrStart: 3130523648
/proj/g2015056/nobackup/Homo_sapiens.GRCh38.dna.primary_assembly.fa : chr # 165  "KI270316.1" chrStart: 3130785792
/proj/g2015056/nobackup/Homo_sapiens.GRCh38.dna.primary_assembly.fa : chr # 166  "KI270340.1" chrStart: 3131047936
/proj/g2015056/nobackup/Homo_sapiens.GRCh38.dna.primary_assembly.fa : chr # 167  "KI270338.1" chrStart: 3131310080
/proj/g2015056/nobackup/Homo_sapiens.GRCh38.dna.primary_assembly.fa : chr # 168  "KI270583.1" chrStart: 3131572224
/proj/g2015056/nobackup/Homo_sapiens.GRCh38.dna.primary_assembly.fa : chr # 169  "KI270334.1" chrStart: 3131834368
/proj/g2015056/nobackup/Homo_sapiens.GRCh38.dna.primary_assembly.fa : chr # 170  "KI270429.1" chrStart: 3132096512
/proj/g2015056/nobackup/Homo_sapiens.GRCh38.dna.primary_assembly.fa : chr # 171  "KI270393.1" chrStart: 3132358656
/proj/g2015056/nobackup/Homo_sapiens.GRCh38.dna.primary_assembly.fa : chr # 172  "KI270516.1" chrStart: 3132620800
/proj/g2015056/nobackup/Homo_sapiens.GRCh38.dna.primary_assembly.fa : chr # 173  "KI270389.1" chrStart: 3132882944
/proj/g2015056/nobackup/Homo_sapiens.GRCh38.dna.primary_assembly.fa : chr # 174  "KI270466.1" chrStart: 3133145088
/proj/g2015056/nobackup/Homo_sapiens.GRCh38.dna.primary_assembly.fa : chr # 175  "KI270388.1" chrStart: 3133407232
/proj/g2015056/nobackup/Homo_sapiens.GRCh38.dna.primary_assembly.fa : chr # 176  "KI270544.1" chrStart: 3133669376
/proj/g2015056/nobackup/Homo_sapiens.GRCh38.dna.primary_assembly.fa : chr # 177  "KI270310.1" chrStart: 3133931520
/proj/g2015056/nobackup/Homo_sapiens.GRCh38.dna.primary_assembly.fa : chr # 178  "KI270412.1" chrStart: 3134193664
/proj/g2015056/nobackup/Homo_sapiens.GRCh38.dna.primary_assembly.fa : chr # 179  "KI270395.1" chrStart: 3134455808
/proj/g2015056/nobackup/Homo_sapiens.GRCh38.dna.primary_assembly.fa : chr # 180  "KI270376.1" chrStart: 3134717952
/proj/g2015056/nobackup/Homo_sapiens.GRCh38.dna.primary_assembly.fa : chr # 181  "KI270337.1" chrStart: 3134980096
/proj/g2015056/nobackup/Homo_sapiens.GRCh38.dna.primary_assembly.fa : chr # 182  "KI270335.1" chrStart: 3135242240
/proj/g2015056/nobackup/Homo_sapiens.GRCh38.dna.primary_assembly.fa : chr # 183  "KI270378.1" chrStart: 3135504384
/proj/g2015056/nobackup/Homo_sapiens.GRCh38.dna.primary_assembly.fa : chr # 184  "KI270379.1" chrStart: 3135766528
/proj/g2015056/nobackup/Homo_sapiens.GRCh38.dna.primary_assembly.fa : chr # 185  "KI270329.1" chrStart: 3136028672
/proj/g2015056/nobackup/Homo_sapiens.GRCh38.dna.primary_assembly.fa : chr # 186  "KI270419.1" chrStart: 3136290816
/proj/g2015056/nobackup/Homo_sapiens.GRCh38.dna.primary_assembly.fa : chr # 187  "KI270336.1" chrStart: 3136552960
/proj/g2015056/nobackup/Homo_sapiens.GRCh38.dna.primary_assembly.fa : chr # 188  "KI270312.1" chrStart: 3136815104
/proj/g2015056/nobackup/Homo_sapiens.GRCh38.dna.primary_assembly.fa : chr # 189  "KI270539.1" chrStart: 3137077248
/proj/g2015056/nobackup/Homo_sapiens.GRCh38.dna.primary_assembly.fa : chr # 190  "KI270385.1" chrStart: 3137339392
/proj/g2015056/nobackup/Homo_sapiens.GRCh38.dna.primary_assembly.fa : chr # 191  "KI270423.1" chrStart: 3137601536
/proj/g2015056/nobackup/Homo_sapiens.GRCh38.dna.primary_assembly.fa : chr # 192  "KI270392.1" chrStart: 3137863680
/proj/g2015056/nobackup/Homo_sapiens.GRCh38.dna.primary_assembly.fa : chr # 193  "KI270394.1" chrStart: 3138125824
Number of SA indices: 5891698134
Feb 28 20:11:05 ... starting to sort  Suffix Array. This may take a long time...
Number of chunks: 27;   chunks size limit: 1854240296 bytes
Feb 28 20:11:26 ... sorting Suffix Array chunks and saving them to disk...
Writing 1789714872 bytes into /proj/g2015056/BB2490/proj5_ASE/BB2490-RNASeq-Project/data/star_index/20160226-starindex/SA_7 ; empty space on disk = 9534458494976 bytes ... done
Writing 1800795608 bytes into /proj/g2015056/BB2490/proj5_ASE/BB2490-RNASeq-Project/data/star_index/20160226-starindex/SA_5 ; empty space on disk = 9532668772352 bytes ... done
Writing 1624408768 bytes into /proj/g2015056/BB2490/proj5_ASE/BB2490-RNASeq-Project/data/star_index/20160226-starindex/SA_2 ; empty space on disk = 9530867974144 bytes ... done
Writing 1841378792 bytes into /proj/g2015056/BB2490/proj5_ASE/BB2490-RNASeq-Project/data/star_index/20160226-starindex/SA_6 ; empty space on disk = 9529243533312 bytes ... done
Writing 1815767296 bytes into /proj/g2015056/BB2490/proj5_ASE/BB2490-RNASeq-Project/data/star_index/20160226-starindex/SA_0 ; empty space on disk = 9527402102784 bytes ... done
Writing 1693291528 bytes into /proj/g2015056/BB2490/proj5_ASE/BB2490-RNASeq-Project/data/star_index/20160226-starindex/SA_3 ; empty space on disk = 9525586362368 bytes ... done
Writing 1640585088 bytes into /proj/g2015056/BB2490/proj5_ASE/BB2490-RNASeq-Project/data/star_index/20160226-starindex/SA_1 ; empty space on disk = 9523893043200 bytes ... done
Writing 1730742336 bytes into /proj/g2015056/BB2490/proj5_ASE/BB2490-RNASeq-Project/data/star_index/20160226-starindex/SA_4 ; empty space on disk = 9522252414976 bytes ... done
Writing 1737704576 bytes into /proj/g2015056/BB2490/proj5_ASE/BB2490-RNASeq-Project/data/star_index/20160226-starindex/SA_10 ; empty space on disk = 9520521674752 bytes ... done
Writing 1831994016 bytes into /proj/g2015056/BB2490/proj5_ASE/BB2490-RNASeq-Project/data/star_index/20160226-starindex/SA_15 ; empty space on disk = 9518783922176 bytes ... done
Writing 1609091464 bytes into /proj/g2015056/BB2490/proj5_ASE/BB2490-RNASeq-Project/data/star_index/20160226-starindex/SA_8 ; empty space on disk = 9516951928832 bytes ... done
Writing 1776015312 bytes into /proj/g2015056/BB2490/proj5_ASE/BB2490-RNASeq-Project/data/star_index/20160226-starindex/SA_11 ; empty space on disk = 9515342823424 bytes ... done
Writing 1747220456 bytes into /proj/g2015056/BB2490/proj5_ASE/BB2490-RNASeq-Project/data/star_index/20160226-starindex/SA_12 ; empty space on disk = 9513566797824 bytes ...Writing 1815304384 bytes into /proj/g2015056/BB2490/proj5_ASE/BB2490-RNASeq-Project/data/star_index/20160226-starindex/SA_9 ; empty space on disk = 9513566797824 bytes ... done
 done
Writing 1729296464 bytes into /proj/g2015056/BB2490/proj5_ASE/BB2490-RNASeq-Project/data/star_index/20160226-starindex/SA_14 ; empty space on disk = 9510004260864 bytes ... done
Writing 1665910992 bytes into /proj/g2015056/BB2490/proj5_ASE/BB2490-RNASeq-Project/data/star_index/20160226-starindex/SA_13 ; empty space on disk = 9508274962432 bytes ... done
Writing 1815828304 bytes into /proj/g2015056/BB2490/proj5_ASE/BB2490-RNASeq-Project/data/star_index/20160226-starindex/SA_19 ; empty space on disk = 9506609037312 bytes ... done
Writing 1829304048 bytes into /proj/g2015056/BB2490/proj5_ASE/BB2490-RNASeq-Project/data/star_index/20160226-starindex/SA_17 ; empty space on disk = 9504793165824 bytes ... done
Writing 1815573112 bytes into /proj/g2015056/BB2490/proj5_ASE/BB2490-RNASeq-Project/data/star_index/20160226-starindex/SA_16 ; empty space on disk = 9502963859456 bytes ... done
Writing 1702616416 bytes into /proj/g2015056/BB2490/proj5_ASE/BB2490-RNASeq-Project/data/star_index/20160226-starindex/SA_23 ; empty space on disk = 9501148315648 bytes ... done
Writing 1700126776 bytes into /proj/g2015056/BB2490/proj5_ASE/BB2490-RNASeq-Project/data/star_index/20160226-starindex/SA_20 ; empty space on disk = 9499445690368 bytes ... done
Writing 1702801672 bytes into /proj/g2015056/BB2490/proj5_ASE/BB2490-RNASeq-Project/data/star_index/20160226-starindex/SA_18 ; empty space on disk = 9497745555456 bytes ... done
Writing 1776826504 bytes into /proj/g2015056/BB2490/proj5_ASE/BB2490-RNASeq-Project/data/star_index/20160226-starindex/SA_21 ; empty space on disk = 9496042733568 bytes ... done
Writing 1757272088 bytes into /proj/g2015056/BB2490/proj5_ASE/BB2490-RNASeq-Project/data/star_index/20160226-starindex/SA_22 ; empty space on disk = 9494265856000 bytes ... done
Writing 1825606584 bytes into /proj/g2015056/BB2490/proj5_ASE/BB2490-RNASeq-Project/data/star_index/20160226-starindex/SA_24 ; empty space on disk = 9492508573696 bytes ... done
Writing 1542633240 bytes into /proj/g2015056/BB2490/proj5_ASE/BB2490-RNASeq-Project/data/star_index/20160226-starindex/SA_25 ; empty space on disk = 9490682937344 bytes ... done
Writing 1815774376 bytes into /proj/g2015056/BB2490/proj5_ASE/BB2490-RNASeq-Project/data/star_index/20160226-starindex/SA_26 ; empty space on disk = 9489140285440 bytes ... done
Feb 28 20:55:36 ... loading chunks from disk, packing SA...
Feb 28 21:04:14 ... Finished generating suffix array
Feb 28 21:04:14 ... Generating Suffix Array index
Feb 28 21:08:14 ... Completed Suffix Array index
Feb 28 21:08:14 ..... Processing annotations GTF
Processing sjdbGTFfile=/proj/g2015056/nobackup/Homo_sapiens.GRCh38.83.gtf, found:
		199184 transcripts
		1176808 exons (non-collapsed)
		348697 collapsed junctions
Feb 28 21:08:43 ..... Finished GTF processing
Feb 28 21:08:43   Loaded database junctions from the GTF file: /proj/g2015056/nobackup/Homo_sapiens.GRCh38.83.gtf: 348697 total junctions

WARNING: long repeat for junction # 115405 : 15 88855522 88855578; left shift = 14; right shift = 255
WARNING: long repeat for junction # 157738 : 18 46969610 47029116; left shift = 183; right shift = 255
Feb 28 21:08:44   Finished preparing junctions
Feb 28 21:08:44 ..... Inserting junctions into the genome indices
Feb 28 21:09:56   Finished SA search: number of new junctions=348621, old junctions=0
Feb 28 21:10:48   Finished sorting SA indicesL nInd=139448400
Feb 28 21:12:26   Finished inserting junction indices
Feb 28 21:12:51   Finished SAi
Feb 28 21:12:51 ..... Finished inserting junctions into genome
Feb 28 21:12:51 ... writing Genome to disk ...
Writing 3208460789 bytes into /proj/g2015056/BB2490/proj5_ASE/BB2490-RNASeq-Project/data/star_index/20160226-starindex/Genome ; empty space on disk = 9534360911872 bytes ... done
SA size in bytes: 24878479456
Feb 28 21:13:20 ... writing Suffix Array to disk ...
Writing 24878479456 bytes into /proj/g2015056/BB2490/proj5_ASE/BB2490-RNASeq-Project/data/star_index/20160226-starindex/SA ; empty space on disk = 9531152465920 bytes ... done
Feb 28 21:16:59 ... writing SAindex to disk
Writing 8 bytes into /proj/g2015056/BB2490/proj5_ASE/BB2490-RNASeq-Project/data/star_index/20160226-starindex/SAindex ; empty space on disk = 9506273951744 bytes ... done
Writing 120 bytes into /proj/g2015056/BB2490/proj5_ASE/BB2490-RNASeq-Project/data/star_index/20160226-starindex/SAindex ; empty space on disk = 9506273951744 bytes ... done
Writing 1565873491 bytes into /proj/g2015056/BB2490/proj5_ASE/BB2490-RNASeq-Project/data/star_index/20160226-starindex/SAindex ; empty space on disk = 9506273951744 bytes ... done
Feb 28 21:17:15 ..... Finished successfully
DONE: Genome generation, EXITING
